<?xml version="1.0" encoding="UTF-8"?>
<!-- Generated by org.testng.reporters.JUnitXMLReporter -->
<testsuite ignored="0" hostname="Meet_Pandya" failures="0" tests="4" name="Default test" time="11.101" errors="0" timestamp="2023-10-19T11:50:46 EDT">
  <testcase classname="amazonsignup.Testn_Signup" name="checkpasswordagain" time="0.078"/>
  <testcase classname="amazonsignup.Testn_Signup" name="validemail" time="0.078"/>
  <testcase classname="amazonsignup.Testn_Signup" name="validname" time="0.05"/>
  <testcase classname="amazonsignup.Testn_Signup" name="validpassword" time="0.078"/>
</testsuite> <!-- Default test -->
