<?xml version="1.0" encoding="UTF-8"?>
<testng-results ignored="0" total="4" passed="4" failed="0" skipped="0">
  <reporter-output>
  </reporter-output>
  <suite started-at="2023-10-19T11:50:35 EDT" name="Default suite" finished-at="2023-10-19T11:50:46 EDT" duration-ms="11101">
    <groups>
    </groups>
    <test started-at="2023-10-19T11:50:35 EDT" name="Default test" finished-at="2023-10-19T11:50:46 EDT" duration-ms="11101">
      <class name="amazonsignup.Testn_Signup">
        <test-method is-config="true" signature="openbrowser()[pri:0, instance:amazonsignup.Testn_Signup@18078bef]" started-at="2023-10-19T11:50:35 EDT" name="openbrowser" finished-at="2023-10-19T11:50:38 EDT" duration-ms="3476" status="PASS">
          <reporter-output>
          </reporter-output>
        </test-method> <!-- openbrowser -->
        <test-method signature="checkpasswordagain()[pri:0, instance:amazonsignup.Testn_Signup@18078bef]" started-at="2023-10-19T11:50:38 EDT" name="checkpasswordagain" finished-at="2023-10-19T11:50:39 EDT" duration-ms="78" status="PASS">
          <reporter-output>
          </reporter-output>
        </test-method> <!-- checkpasswordagain -->
        <test-method is-config="true" signature="clickcontinue()[pri:0, instance:amazonsignup.Testn_Signup@18078bef]" started-at="2023-10-19T11:50:39 EDT" name="clickcontinue" finished-at="2023-10-19T11:50:39 EDT" duration-ms="56" status="PASS">
          <reporter-output>
          </reporter-output>
        </test-method> <!-- clickcontinue -->
        <test-method is-config="true" signature="openbrowser()[pri:0, instance:amazonsignup.Testn_Signup@18078bef]" started-at="2023-10-19T11:50:39 EDT" name="openbrowser" finished-at="2023-10-19T11:50:41 EDT" duration-ms="2324" status="PASS">
          <reporter-output>
          </reporter-output>
        </test-method> <!-- openbrowser -->
        <test-method signature="validemail()[pri:0, instance:amazonsignup.Testn_Signup@18078bef]" started-at="2023-10-19T11:50:41 EDT" name="validemail" finished-at="2023-10-19T11:50:41 EDT" duration-ms="78" status="PASS">
          <reporter-output>
          </reporter-output>
        </test-method> <!-- validemail -->
        <test-method is-config="true" signature="clickcontinue()[pri:0, instance:amazonsignup.Testn_Signup@18078bef]" started-at="2023-10-19T11:50:41 EDT" name="clickcontinue" finished-at="2023-10-19T11:50:41 EDT" duration-ms="58" status="PASS">
          <reporter-output>
          </reporter-output>
        </test-method> <!-- clickcontinue -->
        <test-method is-config="true" signature="openbrowser()[pri:0, instance:amazonsignup.Testn_Signup@18078bef]" started-at="2023-10-19T11:50:41 EDT" name="openbrowser" finished-at="2023-10-19T11:50:43 EDT" duration-ms="2419" status="PASS">
          <reporter-output>
          </reporter-output>
        </test-method> <!-- openbrowser -->
        <test-method signature="validname()[pri:0, instance:amazonsignup.Testn_Signup@18078bef]" started-at="2023-10-19T11:50:43 EDT" name="validname" finished-at="2023-10-19T11:50:44 EDT" duration-ms="50" status="PASS">
          <reporter-output>
          </reporter-output>
        </test-method> <!-- validname -->
        <test-method is-config="true" signature="clickcontinue()[pri:0, instance:amazonsignup.Testn_Signup@18078bef]" started-at="2023-10-19T11:50:44 EDT" name="clickcontinue" finished-at="2023-10-19T11:50:44 EDT" duration-ms="53" status="PASS">
          <reporter-output>
          </reporter-output>
        </test-method> <!-- clickcontinue -->
        <test-method is-config="true" signature="openbrowser()[pri:0, instance:amazonsignup.Testn_Signup@18078bef]" started-at="2023-10-19T11:50:44 EDT" name="openbrowser" finished-at="2023-10-19T11:50:46 EDT" duration-ms="2341" status="PASS">
          <reporter-output>
          </reporter-output>
        </test-method> <!-- openbrowser -->
        <test-method signature="validpassword()[pri:0, instance:amazonsignup.Testn_Signup@18078bef]" started-at="2023-10-19T11:50:46 EDT" name="validpassword" finished-at="2023-10-19T11:50:46 EDT" duration-ms="78" status="PASS">
          <reporter-output>
          </reporter-output>
        </test-method> <!-- validpassword -->
        <test-method is-config="true" signature="clickcontinue()[pri:0, instance:amazonsignup.Testn_Signup@18078bef]" started-at="2023-10-19T11:50:46 EDT" name="clickcontinue" finished-at="2023-10-19T11:50:46 EDT" duration-ms="53" status="PASS">
          <reporter-output>
          </reporter-output>
        </test-method> <!-- clickcontinue -->
      </class> <!-- amazonsignup.Testn_Signup -->
    </test> <!-- Default test -->
  </suite> <!-- Default suite -->
</testng-results>
